#! /usr/bin/vvp
:ivl_version "0.9.7 " "(v0_9_7)";
:vpi_time_precision + 0;
:vpi_module "system";
:vpi_module "v2005_math";
:vpi_module "va_math";
S_0xc3e220 .scope module, "caltb" "caltb" 2 1;
 .timescale 0 0;
v0xc55570_0 .net "Date", 4 0, v0xc3f580_0; 1 drivers
v0xc55610_0 .net "Day", 2 0, v0xc55160_0; 1 drivers
v0xc556c0_0 .net "Month", 3 0, v0xc55200_0; 1 drivers
v0xc55770_0 .var "clk", 0 0;
v0xc55850_0 .var "date", 4 0;
v0xc55900_0 .var "day", 2 0;
v0xc559c0_0 .var "month", 3 0;
S_0xc3e310 .scope module, "my_cal" "cal" 2 10, 3 1, S_0xc3e220;
 .timescale 0 0;
v0xc3f580_0 .var "Date", 4 0;
v0xc55160_0 .var "Day", 2 0;
v0xc55200_0 .var "Month", 3 0;
v0xc552a0_0 .net "clk", 0 0, v0xc55770_0; 1 drivers
v0xc55350_0 .net "date", 4 0, v0xc55850_0; 1 drivers
v0xc553f0_0 .net "day", 2 0, v0xc55900_0; 1 drivers
v0xc554d0_0 .net "month", 3 0, v0xc559c0_0; 1 drivers
E_0xc2d600 .event posedge, v0xc552a0_0;
E_0xc3c700 .event edge, v0xc554d0_0, v0xc55350_0, v0xc553f0_0;
    .scope S_0xc3e310;
T_0 ;
    %wait E_0xc3c700;
    %load/v 8, v0xc553f0_0, 3;
    %set/v v0xc55160_0, 8, 3;
    %load/v 8, v0xc55350_0, 5;
    %set/v v0xc3f580_0, 8, 5;
    %load/v 8, v0xc554d0_0, 4;
    %set/v v0xc55200_0, 8, 4;
    %jmp T_0;
    .thread T_0, $push;
    .scope S_0xc3e310;
T_1 ;
    %wait E_0xc2d600;
    %load/v 8, v0xc55160_0, 3;
    %mov 11, 0, 29;
    %addi 8, 1, 32;
    %movi 40, 7, 32;
    %mod 8, 40, 32;
    %set/v v0xc55160_0, 8, 3;
    %load/v 8, v0xc55200_0, 4;
    %mov 12, 0, 1;
    %cmpi/u 8, 1, 5;
    %jmp/0xz  T_1.0, 4;
    %load/v 8, v0xc3f580_0, 5;
    %mov 13, 0, 2;
    %cmpi/u 8, 27, 7;
    %jmp/0xz  T_1.2, 4;
    %set/v v0xc3f580_0, 0, 5;
    %movi 8, 2, 4;
    %set/v v0xc55200_0, 8, 4;
    %jmp T_1.3;
T_1.2 ;
    %load/v 8, v0xc3f580_0, 5;
    %mov 13, 0, 27;
    %addi 8, 1, 32;
    %set/v v0xc3f580_0, 8, 5;
T_1.3 ;
    %jmp T_1.1;
T_1.0 ;
    %load/v 8, v0xc55200_0, 4;
    %mov 12, 0, 1;
    %cmpi/u 8, 0, 5;
    %mov 8, 4, 1;
    %load/v 9, v0xc55200_0, 4;
    %mov 13, 0, 1;
    %cmpi/u 9, 2, 5;
    %or 8, 4, 1;
    %load/v 9, v0xc55200_0, 4;
    %mov 13, 0, 1;
    %cmpi/u 9, 4, 5;
    %or 8, 4, 1;
    %load/v 9, v0xc55200_0, 4;
    %mov 13, 0, 1;
    %cmpi/u 9, 6, 5;
    %or 8, 4, 1;
    %load/v 9, v0xc55200_0, 4;
    %mov 13, 0, 1;
    %cmpi/u 9, 7, 5;
    %or 8, 4, 1;
    %load/v 9, v0xc55200_0, 4;
    %mov 13, 0, 2;
    %cmpi/u 9, 9, 6;
    %or 8, 4, 1;
    %load/v 9, v0xc55200_0, 4;
    %mov 13, 0, 2;
    %cmpi/u 9, 11, 6;
    %or 8, 4, 1;
    %jmp/0xz  T_1.4, 8;
    %load/v 8, v0xc3f580_0, 5;
    %mov 13, 0, 2;
    %cmpi/u 8, 30, 7;
    %jmp/0xz  T_1.6, 4;
    %movi 8, 1, 5;
    %set/v v0xc3f580_0, 8, 5;
    %load/v 8, v0xc55200_0, 4;
    %mov 12, 0, 28;
    %addi 8, 1, 32;
    %movi 40, 12, 32;
    %mod 8, 40, 32;
    %set/v v0xc55200_0, 8, 4;
    %jmp T_1.7;
T_1.6 ;
    %load/v 8, v0xc3f580_0, 5;
    %mov 13, 0, 27;
    %addi 8, 1, 32;
    %set/v v0xc3f580_0, 8, 5;
T_1.7 ;
    %jmp T_1.5;
T_1.4 ;
    %load/v 8, v0xc55200_0, 4;
    %mov 12, 0, 1;
    %cmpi/u 8, 3, 5;
    %mov 8, 4, 1;
    %load/v 9, v0xc55200_0, 4;
    %mov 13, 0, 1;
    %cmpi/u 9, 5, 5;
    %or 8, 4, 1;
    %load/v 9, v0xc55200_0, 4;
    %mov 13, 0, 2;
    %cmpi/u 9, 8, 6;
    %or 8, 4, 1;
    %load/v 9, v0xc55200_0, 4;
    %mov 13, 0, 2;
    %cmpi/u 9, 10, 6;
    %or 8, 4, 1;
    %jmp/0xz  T_1.8, 8;
    %load/v 8, v0xc3f580_0, 5;
    %mov 13, 0, 2;
    %cmpi/u 8, 29, 7;
    %jmp/0xz  T_1.10, 4;
    %movi 8, 1, 5;
    %set/v v0xc3f580_0, 8, 5;
    %load/v 8, v0xc55200_0, 4;
    %mov 12, 0, 28;
    %addi 8, 1, 32;
    %set/v v0xc55200_0, 8, 4;
    %jmp T_1.11;
T_1.10 ;
    %load/v 8, v0xc3f580_0, 5;
    %mov 13, 0, 27;
    %addi 8, 1, 32;
    %set/v v0xc3f580_0, 8, 5;
T_1.11 ;
T_1.8 ;
T_1.5 ;
T_1.1 ;
    %jmp T_1;
    .thread T_1;
    .scope S_0xc3e220;
T_2 ;
    %vpi_call 2 15 "$dumpfile", "tb.vcd";
    %vpi_call 2 16 "$dumpvars", 1'sb0, S_0xc3e220;
    %set/v v0xc55900_0, 0, 3;
    %set/v v0xc55850_0, 0, 5;
    %set/v v0xc559c0_0, 0, 4;
    %set/v v0xc55770_0, 1, 1;
    %end;
    .thread T_2;
    .scope S_0xc3e220;
T_3 ;
    %delay 1, 0;
    %load/v 8, v0xc55770_0, 1;
    %inv 8, 1;
    %set/v v0xc55770_0, 8, 1;
    %jmp T_3;
    .thread T_3;
# The file index is used to find the file name in the following table.
:file_names 4;
    "N/A";
    "<interactive>";
    "caltb.v";
    "cal.v";
